<?xml version="1.0" encoding="UTF-8" standalone="no"?>
<testsuite failures="0" name="cucumber.runtime.formatter.JUnitFormatter" skipped="0" tests="1" time="25.854622">
    <testcase classname="Testing deal Page of Cogmento" name="Cogmento create deal details" time="25.854622">
        <system-out>
            <![CDATA[Given User is already on login page.........................................passed
When title of login page is Cogmento CRM....................................passed
Then user enters username and password......................................passed
Then User clicks on Login...................................................passed
Then User is on homepage....................................................passed
Then User clicks on deals link..............................................passed
Then User clicks create button..............................................passed
Then user enters deal details...............................................passed
]]>
        </system-out>
    </testcase>
</testsuite>
